<?xml version="1.0" encoding="UTF-8"?>
<!-- Generated by org.testng.reporters.JUnitReportReporter -->
<testsuite skipped="0" hostname="DESKTOP-HVRKDG5" name="org.automation.Blazedeomautomation" tests="1" failures="0" timestamp="10 Jan 2021 16:26:12 GMT" time="14.797" errors="0">
  <testcase name="finalbooking" time="14.797" classname="org.automation.Blazedeomautomation"/>
</testsuite> <!-- org.automation.Blazedeomautomation -->
